

> @starter/app@0.0.1 prebuild /Users/hieudoan/git/github.com/hieudoanm/projects/templates/starter/packages/app
> rimraf .next ../../docs


> @starter/app@0.0.1 build /Users/hieudoan/git/github.com/hieudoanm/projects/templates/starter/packages/app
> next build

[1m[38;2;173;127;168m▲ Next.js 16.1.1[39m[22m (Turbopack)

[?25l[37m[1m [22m[39m Running TypeScript  [36m.[39m[2K[1G[37m[1m [22m[39m Running TypeScript  [36m..[39m[2K[1G[37m[1m [22m[39m Running TypeScript  [36m...[39m[2K[1G[37m[1m [22m[39m Running TypeScript  [36m.[39m[2K[1G[37m[1m [22m[39m Running TypeScript  [36m..[39m[2K[1G[37m[1m [22m[39m Running TypeScript  [36m...[39m[2K[1G[37m[1m [22m[39m Running TypeScript  [36m.[39m[2K[1G[?25h[?25l[37m[1m [22m[39m Finished TypeScript in 1229.2ms  [36m.[39m[2K[1G[?25h[37m[1m [22m[39m Finished TypeScript in 1229.2ms    [32m[1m✓[22m[39m Finished TypeScript in 1229.2ms 
[37m[1m [22m[39m Creating an optimized production build ...
/*! 🌼 daisyUI 5.5.14 */
Found 1 warning while optimizing generated CSS:

[2m│ }[22m
[2m│ @layer base {[22m
[2m│[22m   @property --radialprogress {
[2m┆[22m            [33m[2m^--[22m Unknown at rule: @property[39m
[2m┆[22m
[2m│     syntax: "<percentage>";[22m
[2m│     inherits: true;[22m

[32m[1m✓[22m[39m Compiled successfully in 1893.5ms
[?25l[37m[1m [22m[39m Collecting page data using 7 workers  [36m.[39m[2K[1G[37m[1m [22m[39m Collecting page data using 7 workers  [36m..[39m[2K[1G[?25h[37m[1m [22m[39m Collecting page data using 7 workers in 303.9ms    [32m[1m✓[22m[39m Collecting page data using 7 workers in 303.9ms 
[?25l[37m[1m [22m[39m Generating static pages using 7 workers (0/3)  [36m[    ][39m[2K[1G[?25h[32m[1m✓[22m[39m Generating static pages using 7 workers (3/3) in 178.5ms
[?25l[37m[1m [22m[39m Finalizing page optimization  [36m.[39m[2K[1G[?25h[33m[1m⚠[22m[39m [33mStatically exporting a Next.js application via `next export` disables API routes and middleware.[39m
[33mThis command is meant for static-only hosts, and is [1mnot necessary to make your application static.[22m[39m
[33mPages in your application without server-side data dependencies will be automatically statically exported by `next build`, including pages powered by `getStaticProps`.[39m
[33mLearn more: https://nextjs.org/docs/messages/api-routes-static-export[39m
[?25l [36m.[39m [?25l[37m[1m [22m[39m Exporting using 7 workers (0/3)  [36m[    ][39m[2K[1G [36m..[39m [2K[1G[37m[1m [22m[39m Exporting using 7 workers (0/3)  [36m[=   ][39m[2K[1G[?25h[2K[1G[?25h[32m[1m✓[22m[39m Exporting using 7 workers (3/3) in 201.6ms
[?25l [36m.[39m [2K[1G [36m..[39m [2K[1G[?25h[37m[1m [22m[39m Finalizing page optimization in 529.4ms    [32m[1m✓[22m[39m Finalizing page optimization in 529.4ms 

[4mRoute (pages)[24m
┌ ○ /
├   /_app
├ ○ /404
└ ƒ /api/trpc/[trpc]

○  (Static)   prerendered as static content
ƒ  (Dynamic)  server-rendered on demand

[?25h
> @starter/app@0.0.1 postbuild /Users/hieudoan/git/github.com/hieudoanm/projects/templates/starter/packages/app
> touch ../../docs/.nojekyll

